<?xml version="1.0" encoding="UTF-8"?>
<!-- Generated by org.testng.reporters.JUnitXMLReporter -->
<testsuite hostname="dell" ignored="0" name="Default test" tests="5" failures="0" timestamp="2020-09-13T14:33:36 IST" time="0.14" errors="0">
  <testcase name="testTrackingNumberIncremented" time="0.011" classname="com.cts.courierservice.servicetestcase.CourierserviceServiceTests"/>
  <testcase name="testcalculatePayableAmount" time="0.004" classname="com.cts.courierservice.servicetestcase.CourierserviceServiceTests"/>
  <testcase name="testgetCourierDateOfDelivery" time="0.044" classname="com.cts.courierservice.servicetestcase.CourierserviceServiceTests"/>
  <testcase name="testgetCourierDateOfShipment" time="0.002" classname="com.cts.courierservice.servicetestcase.CourierserviceServiceTests"/>
  <testcase name="testgetCourierTrackingNumber" time="0.005" classname="com.cts.courierservice.servicetestcase.CourierserviceServiceTests"/>
</testsuite> <!-- Default test -->
