<?xml version="1.0" encoding="UTF-8"?>
<!-- Generated by org.testng.reporters.JUnitXMLReporter -->
<testsuite hostname="Sanjus-MacBook-Air.local" ignored="0" name="Selenium" tests="13" failures="0" timestamp="2020-09-10T21:09:39 IST" time="29.542" errors="0">
  <testcase name="test10BookControllerByTitle" time="1.187" classname="com.ict.springboot.selenium.BookPage"/>
  <testcase name="test11FeedbackResponseBackLinkTextPresent" time="0.418" classname="com.ict.springboot.selenium.BookPage"/>
  <testcase name="test12subectPageBackLinkAndFeedbackLinkTextPresent" time="0.374" classname="com.ict.springboot.selenium.BookPage"/>
  <testcase name="test13titlePageBackLinkAndFeedbackLinkTextPresent" time="0.478" classname="com.ict.springboot.selenium.BookPage"/>
  <testcase name="test1headingPresent" time="0.065" classname="com.ict.springboot.selenium.BookPage"/>
  <testcase name="test2BookSearchOptionType" time="0.039" classname="com.ict.springboot.selenium.BookPage"/>
  <testcase name="test3BookNamePresentsTagNameType" time="0.07" classname="com.ict.springboot.selenium.BookPage"/>
  <testcase name="test4OptionsEmpty" time="0.176" classname="com.ict.springboot.selenium.BookPage"/>
  <testcase name="test5TitleOrSubjectEmpty" time="0.261" classname="com.ict.springboot.selenium.BookPage"/>
  <testcase name="test6FeedbackheadingPresent" time="0.149" classname="com.ict.springboot.selenium.BookPage"/>
  <testcase name="test7FeedbackFormRatingType" time="0.112" classname="com.ict.springboot.selenium.BookPage"/>
  <testcase name="test8FeedbackFormTextBoxType" time="0.116" classname="com.ict.springboot.selenium.BookPage"/>
  <testcase name="test9BookControllerBySubject" time="1.284" classname="com.ict.springboot.selenium.BookPage"/>
</testsuite> <!-- Selenium -->
