<?xml version="1.0" encoding="UTF-8"?>
<!-- Generated by org.testng.reporters.JUnitXMLReporter -->
<testsuite hostname="Sanjus-MacBook-Air.local" ignored="0" name="Default test" tests="13" failures="0" timestamp="2020-11-06T11:10:30 IST" time="66.331" errors="0">
  <testcase name="test10BookControllerByTitle" time="1.756" classname="com.ict.springboot.selenium.BookPage"/>
  <testcase name="test11FeedbackResponseBackLinkTextPresent" time="0.549" classname="com.ict.springboot.selenium.BookPage"/>
  <testcase name="test12subectPageBackLinkAndFeedbackLinkTextPresent" time="0.691" classname="com.ict.springboot.selenium.BookPage"/>
  <testcase name="test13titlePageBackLinkAndFeedbackLinkTextPresent" time="0.565" classname="com.ict.springboot.selenium.BookPage"/>
  <testcase name="test1headingPresent" time="0.047" classname="com.ict.springboot.selenium.BookPage"/>
  <testcase name="test2BookSearchOptionType" time="0.041" classname="com.ict.springboot.selenium.BookPage"/>
  <testcase name="test3BookNamePresentsTagNameType" time="0.041" classname="com.ict.springboot.selenium.BookPage"/>
  <testcase name="test4OptionsEmpty" time="0.19" classname="com.ict.springboot.selenium.BookPage"/>
  <testcase name="test5TitleOrSubjectEmpty" time="0.386" classname="com.ict.springboot.selenium.BookPage"/>
  <testcase name="test6FeedbackheadingPresent" time="0.161" classname="com.ict.springboot.selenium.BookPage"/>
  <testcase name="test7FeedbackFormRatingType" time="0.145" classname="com.ict.springboot.selenium.BookPage"/>
  <testcase name="test8FeedbackFormTextBoxType" time="0.14" classname="com.ict.springboot.selenium.BookPage"/>
  <testcase name="test9BookControllerBySubject" time="1.382" classname="com.ict.springboot.selenium.BookPage"/>
</testsuite> <!-- Default test -->
